#
# There is insufficient memory for the Java Runtime Environment to continue.
# Native memory allocation (malloc) failed to allocate 65552 bytes for Chunk::new
# Possible reasons:
#   The system is out of physical RAM or swap space
#   The process is running with CompressedOops enabled, and the Java Heap may be blocking the growth of the native heap
# Possible solutions:
#   Reduce memory load on the system
#   Increase physical memory or swap space
#   Check if swap backing store is full
#   Decrease Java heap size (-Xmx/-Xms)
#   Decrease number of Java threads
#   Decrease Java thread stack sizes (-Xss)
#   Set larger code cache with -XX:ReservedCodeCacheSize=
#   JVM is running with Unscaled Compressed Oops mode in which the Java heap is
#     placed in the first 4GB address space. The Java Heap base address is the
#     maximum limit for the native heap growth. Please use -XX:HeapBaseMinAddress
#     to set the Java Heap base and to place the Java Heap above 4GB virtual address.
# This output file may be truncated or incomplete.
#
#  Out of Memory Error (./open/src/hotspot/share/memory/arena.cpp:197), pid=75160, tid=17748
#
# JRE version: Java(TM) SE Runtime Environment 18.9 (11.0.11+9) (build 11.0.11+9-LTS-194)
# Java VM: Java HotSpot(TM) 64-Bit Server VM 18.9 (11.0.11+9-LTS-194, mixed mode, tiered, compressed oops, g1 gc, windows-amd64)
# No core dump will be written. Minidumps are not enabled by default on client versions of Windows
#

---------------  S U M M A R Y ------------

Command Line: -Djava.net.preferIPv4Stack=true -ea -Didea.test.cyclic.buffer.size=1048576 -javaagent:C:\Users\Tony\AppData\Local\JetBrains\Toolbox\apps\IDEA-C\ch-0\211.7142.45\lib\idea_rt.jar=49294:C:\Users\Tony\AppData\Local\JetBrains\Toolbox\apps\IDEA-C\ch-0\211.7142.45\bin -Dfile.encoding=UTF-8 com.intellij.rt.junit.JUnitStarter -ideVersion5 -junit4 com.usedcar.admin.domain.car.CarRepositoryTest,차량_전체_조회하기

Host: Intel(R) Core(TM) i5-6500 CPU @ 3.20GHz, 4 cores, 7G,  Windows 10 , 64 bit Build 19041 (10.0.19041.928)
Time: Mon May 17 13:23:16 2021 대한민국 표준시 elapsed time: 10.387231 seconds (0d 0h 0m 10s)

---------------  T H R E A D  ---------------

Current thread (0x00000208a7ebb800):  JavaThread "C2 CompilerThread0" daemon [_thread_in_native, id=17748, stack(0x000000e4e3700000,0x000000e4e3800000)]


Current CompileTask:
C2:  10387 1293       4       jdk.internal.loader.URLClassPath::getResource (74 bytes)

Stack: [0x000000e4e3700000,0x000000e4e3800000]
Native frames: (J=compiled Java code, j=interpreted, Vv=VM code, C=native code)
V  [jvm.dll+0x616f2a]
V  [jvm.dll+0x74de7f]
V  [jvm.dll+0x74f505]
V  [jvm.dll+0x74fb83]
V  [jvm.dll+0x2436d8]
V  [jvm.dll+0xba68c]
V  [jvm.dll+0xba7fd]
V  [jvm.dll+0x5f73cf]
V  [jvm.dll+0x183404]
V  [jvm.dll+0x6360e2]
V  [jvm.dll+0x62e3bc]
V  [jvm.dll+0x62fb07]
V  [jvm.dll+0x6335a9]
V  [jvm.dll+0x62b46f]
V  [jvm.dll+0x62aaab]
V  [jvm.dll+0x62895e]
V  [jvm.dll+0x18197c]
V  [jvm.dll+0x2b2ef6]
V  [jvm.dll+0x6335d0]
V  [jvm.dll+0x62b46f]
V  [jvm.dll+0x62aaab]
V  [jvm.dll+0x62895e]
V  [jvm.dll+0x18197c]
V  [jvm.dll+0x2b2ef6]
V  [jvm.dll+0x6335d0]
V  [jvm.dll+0x62b46f]
V  [jvm.dll+0x62aaab]
V  [jvm.dll+0x62895e]
V  [jvm.dll+0x18197c]
V  [jvm.dll+0x2b2ef6]
V  [jvm.dll+0x6335d0]
V  [jvm.dll+0x62b46f]
V  [jvm.dll+0x62aaab]
V  [jvm.dll+0x62895e]
V  [jvm.dll+0x18197c]
V  [jvm.dll+0x182509]
V  [jvm.dll+0x18244e]
V  [jvm.dll+0x2b2ef6]
V  [jvm.dll+0x6335d0]
V  [jvm.dll+0x62b46f]
V  [jvm.dll+0x62aaab]
V  [jvm.dll+0x62895e]
V  [jvm.dll+0x18197c]
V  [jvm.dll+0x1fbec1]
V  [jvm.dll+0x17f0bc]
V  [jvm.dll+0x20b68c]
V  [jvm.dll+0x20978b]
V  [jvm.dll+0x7152c9]
V  [jvm.dll+0x70dfc4]
V  [jvm.dll+0x6160f6]
C  [ucrtbase.dll+0x21bb2]
C  [KERNEL32.DLL+0x17034]
C  [ntdll.dll+0x52651]


---------------  P R O C E S S  ---------------

Threads class SMR info:
_java_thread_list=0x00000208a8a01c10, length=11, elements={
0x0000020887a36800, 0x00000208a7e90800, 0x00000208a7e91800, 0x00000208a87b3000,
0x00000208a7eba800, 0x00000208a7ebb800, 0x00000208a7ec1800, 0x00000208a8810800,
0x00000208a892b800, 0x00000208a8a9b000, 0x00000208a8a9c000
}

Java Threads: ( => current thread )
  0x0000020887a36800 JavaThread "main" [_thread_in_Java, id=44728, stack(0x000000e4e2c00000,0x000000e4e2d00000)]
  0x00000208a7e90800 JavaThread "Reference Handler" daemon [_thread_blocked, id=43404, stack(0x000000e4e3300000,0x000000e4e3400000)]
  0x00000208a7e91800 JavaThread "Finalizer" daemon [_thread_blocked, id=34144, stack(0x000000e4e3400000,0x000000e4e3500000)]
  0x00000208a87b3000 JavaThread "Signal Dispatcher" daemon [_thread_blocked, id=47312, stack(0x000000e4e3500000,0x000000e4e3600000)]
  0x00000208a7eba800 JavaThread "Attach Listener" daemon [_thread_blocked, id=20472, stack(0x000000e4e3600000,0x000000e4e3700000)]
=>0x00000208a7ebb800 JavaThread "C2 CompilerThread0" daemon [_thread_in_native, id=17748, stack(0x000000e4e3700000,0x000000e4e3800000)]
  0x00000208a7ec1800 JavaThread "C1 CompilerThread0" daemon [_thread_blocked, id=27264, stack(0x000000e4e3800000,0x000000e4e3900000)]
  0x00000208a8810800 JavaThread "Sweeper thread" daemon [_thread_blocked, id=19504, stack(0x000000e4e3900000,0x000000e4e3a00000)]
  0x00000208a892b800 JavaThread "Common-Cleaner" daemon [_thread_blocked, id=56036, stack(0x000000e4e3a00000,0x000000e4e3b00000)]
  0x00000208a8a9b000 JavaThread "Monitor Ctrl-Break" daemon [_thread_in_native, id=8168, stack(0x000000e4e3b00000,0x000000e4e3c00000)]
  0x00000208a8a9c000 JavaThread "Service Thread" daemon [_thread_blocked, id=12524, stack(0x000000e4e3c00000,0x000000e4e3d00000)]

Other Threads:
  0x00000208a7e6c000 VMThread "VM Thread" [stack: 0x000000e4e3200000,0x000000e4e3300000] [id=27856]
  0x00000208a8a9d800 WatcherThread [stack: 0x000000e4e3d00000,0x000000e4e3e00000] [id=64296]
  0x0000020887a4c000 GCTaskThread "GC Thread#0" [stack: 0x000000e4e2d00000,0x000000e4e2e00000] [id=63516]
  0x00000208a95b2000 GCTaskThread "GC Thread#1" [stack: 0x000000e4e3e00000,0x000000e4e3f00000] [id=40052]
  0x00000208a95b2800 GCTaskThread "GC Thread#2" [stack: 0x000000e4e3f00000,0x000000e4e4000000] [id=69444]
  0x0000020887a7c800 ConcurrentGCThread "G1 Main Marker" [stack: 0x000000e4e2e00000,0x000000e4e2f00000] [id=71208]
  0x0000020887a7e000 ConcurrentGCThread "G1 Conc#0" [stack: 0x000000e4e2f00000,0x000000e4e3000000] [id=59064]
  0x00000208a7cd0800 ConcurrentGCThread "G1 Refine#0" [stack: 0x000000e4e3000000,0x000000e4e3100000] [id=7228]
  0x00000208a7cd1800 ConcurrentGCThread "G1 Young RemSet Sampling" [stack: 0x000000e4e3100000,0x000000e4e3200000] [id=20784]

Threads with active compile tasks:
C2 CompilerThread0  10520 1293       4       jdk.internal.loader.URLClassPath::getResource (74 bytes)

VM state:not at safepoint (normal execution)

VM Mutex/Monitor currently owned by a thread: None

Heap address: 0x0000000081400000, size: 2028 MB, Compressed Oops mode: 32-bit
Narrow klass base: 0x0000000000000000, Narrow klass shift: 3
Compressed class space size: 1073741824 Address: 0x0000000100000000

Heap:
 garbage-first heap   total 131072K, used 31331K [0x0000000081400000, 0x0000000100000000)
  region size 1024K, 25 young (25600K), 1 survivors (1024K)
 Metaspace       used 15844K, capacity 16192K, committed 16384K, reserved 1064960K
  class space    used 1609K, capacity 1734K, committed 1792K, reserved 1048576K
Heap Regions: E=young(eden), S=young(survivor), O=old, HS=humongous(starts), HC=humongous(continues), CS=collection set, F=free, A=archive, TAMS=top-at-mark-start (previous, next)
|   0|0x0000000081400000, 0x0000000081500000, 0x0000000081500000|100%|HS|  |TAMS 0x0000000081400000, 0x0000000081400000| Complete 
|   1|0x0000000081500000, 0x0000000081600000, 0x0000000081600000|100%| O|  |TAMS 0x0000000081500000, 0x0000000081500000| Untracked 
|   2|0x0000000081600000, 0x0000000081700000, 0x0000000081700000|100%| O|  |TAMS 0x0000000081600000, 0x0000000081600000| Untracked 
|   3|0x0000000081700000, 0x0000000081800000, 0x0000000081800000|100%| O|  |TAMS 0x0000000081700000, 0x0000000081700000| Untracked 
|   4|0x0000000081800000, 0x0000000081900000, 0x0000000081900000|100%| O|  |TAMS 0x0000000081800000, 0x0000000081800000| Untracked 
|   5|0x0000000081900000, 0x0000000081a00000, 0x0000000081a00000|100%| O|  |TAMS 0x0000000081900000, 0x0000000081900000| Untracked 
|   6|0x0000000081a00000, 0x0000000081aba600, 0x0000000081b00000| 72%| O|  |TAMS 0x0000000081a00000, 0x0000000081a00000| Untracked 
|   7|0x0000000081b00000, 0x0000000081b00000, 0x0000000081c00000|  0%| F|  |TAMS 0x0000000081b00000, 0x0000000081b00000| Untracked 
|   8|0x0000000081c00000, 0x0000000081c00000, 0x0000000081d00000|  0%| F|  |TAMS 0x0000000081c00000, 0x0000000081c00000| Untracked 
|   9|0x0000000081d00000, 0x0000000081d00000, 0x0000000081e00000|  0%| F|  |TAMS 0x0000000081d00000, 0x0000000081d00000| Untracked 
|  10|0x0000000081e00000, 0x0000000081e00000, 0x0000000081f00000|  0%| F|  |TAMS 0x0000000081e00000, 0x0000000081e00000| Untracked 
|  11|0x0000000081f00000, 0x0000000081f00000, 0x0000000082000000|  0%| F|  |TAMS 0x0000000081f00000, 0x0000000081f00000| Untracked 
|  12|0x0000000082000000, 0x0000000082000000, 0x0000000082100000|  0%| F|  |TAMS 0x0000000082000000, 0x0000000082000000| Untracked 
|  13|0x0000000082100000, 0x0000000082100000, 0x0000000082200000|  0%| F|  |TAMS 0x0000000082100000, 0x0000000082100000| Untracked 
|  14|0x0000000082200000, 0x0000000082200000, 0x0000000082300000|  0%| F|  |TAMS 0x0000000082200000, 0x0000000082200000| Untracked 
|  15|0x0000000082300000, 0x0000000082300000, 0x0000000082400000|  0%| F|  |TAMS 0x0000000082300000, 0x0000000082300000| Untracked 
|  16|0x0000000082400000, 0x0000000082400000, 0x0000000082500000|  0%| F|  |TAMS 0x0000000082400000, 0x0000000082400000| Untracked 
|  17|0x0000000082500000, 0x0000000082500000, 0x0000000082600000|  0%| F|  |TAMS 0x0000000082500000, 0x0000000082500000| Untracked 
|  18|0x0000000082600000, 0x0000000082600000, 0x0000000082700000|  0%| F|  |TAMS 0x0000000082600000, 0x0000000082600000| Untracked 
|  19|0x0000000082700000, 0x0000000082700000, 0x0000000082800000|  0%| F|  |TAMS 0x0000000082700000, 0x0000000082700000| Untracked 
|  20|0x0000000082800000, 0x0000000082800000, 0x0000000082900000|  0%| F|  |TAMS 0x0000000082800000, 0x0000000082800000| Untracked 
|  21|0x0000000082900000, 0x0000000082900000, 0x0000000082a00000|  0%| F|  |TAMS 0x0000000082900000, 0x0000000082900000| Untracked 
|  22|0x0000000082a00000, 0x0000000082a00000, 0x0000000082b00000|  0%| F|  |TAMS 0x0000000082a00000, 0x0000000082a00000| Untracked 
|  23|0x0000000082b00000, 0x0000000082b00000, 0x0000000082c00000|  0%| F|  |TAMS 0x0000000082b00000, 0x0000000082b00000| Untracked 
|  24|0x0000000082c00000, 0x0000000082c00000, 0x0000000082d00000|  0%| F|  |TAMS 0x0000000082c00000, 0x0000000082c00000| Untracked 
|  25|0x0000000082d00000, 0x0000000082d00000, 0x0000000082e00000|  0%| F|  |TAMS 0x0000000082d00000, 0x0000000082d00000| Untracked 
|  26|0x0000000082e00000, 0x0000000082e00000, 0x0000000082f00000|  0%| F|  |TAMS 0x0000000082e00000, 0x0000000082e00000| Untracked 
|  27|0x0000000082f00000, 0x0000000082f00000, 0x0000000083000000|  0%| F|  |TAMS 0x0000000082f00000, 0x0000000082f00000| Untracked 
|  28|0x0000000083000000, 0x0000000083000000, 0x0000000083100000|  0%| F|  |TAMS 0x0000000083000000, 0x0000000083000000| Untracked 
|  29|0x0000000083100000, 0x0000000083100000, 0x0000000083200000|  0%| F|  |TAMS 0x0000000083100000, 0x0000000083100000| Untracked 
|  30|0x0000000083200000, 0x0000000083200000, 0x0000000083300000|  0%| F|  |TAMS 0x0000000083200000, 0x0000000083200000| Untracked 
|  31|0x0000000083300000, 0x0000000083300000, 0x0000000083400000|  0%| F|  |TAMS 0x0000000083300000, 0x0000000083300000| Untracked 
|  32|0x0000000083400000, 0x0000000083400000, 0x0000000083500000|  0%| F|  |TAMS 0x0000000083400000, 0x0000000083400000| Untracked 
|  33|0x0000000083500000, 0x0000000083500000, 0x0000000083600000|  0%| F|  |TAMS 0x0000000083500000, 0x0000000083500000| Untracked 
|  34|0x0000000083600000, 0x0000000083600000, 0x0000000083700000|  0%| F|  |TAMS 0x0000000083600000, 0x0000000083600000| Untracked 
|  35|0x0000000083700000, 0x0000000083700000, 0x0000000083800000|  0%| F|  |TAMS 0x0000000083700000, 0x0000000083700000| Untracked 
|  36|0x0000000083800000, 0x0000000083800000, 0x0000000083900000|  0%| F|  |TAMS 0x0000000083800000, 0x0000000083800000| Untracked 
|  37|0x0000000083900000, 0x0000000083900000, 0x0000000083a00000|  0%| F|  |TAMS 0x0000000083900000, 0x0000000083900000| Untracked 
|  38|0x0000000083a00000, 0x0000000083a00000, 0x0000000083b00000|  0%| F|  |TAMS 0x0000000083a00000, 0x0000000083a00000| Untracked 
|  39|0x0000000083b00000, 0x0000000083b00000, 0x0000000083c00000|  0%| F|  |TAMS 0x0000000083b00000, 0x0000000083b00000| Untracked 
|  40|0x0000000083c00000, 0x0000000083c00000, 0x0000000083d00000|  0%| F|  |TAMS 0x0000000083c00000, 0x0000000083c00000| Untracked 
|  41|0x0000000083d00000, 0x0000000083d00000, 0x0000000083e00000|  0%| F|  |TAMS 0x0000000083d00000, 0x0000000083d00000| Untracked 
|  42|0x0000000083e00000, 0x0000000083e00000, 0x0000000083f00000|  0%| F|  |TAMS 0x0000000083e00000, 0x0000000083e00000| Untracked 
|  43|0x0000000083f00000, 0x0000000083f00000, 0x0000000084000000|  0%| F|  |TAMS 0x0000000083f00000, 0x0000000083f00000| Untracked 
|  44|0x0000000084000000, 0x0000000084000000, 0x0000000084100000|  0%| F|  |TAMS 0x0000000084000000, 0x0000000084000000| Untracked 
|  45|0x0000000084100000, 0x0000000084100000, 0x0000000084200000|  0%| F|  |TAMS 0x0000000084100000, 0x0000000084100000| Untracked 
|  46|0x0000000084200000, 0x0000000084200000, 0x0000000084300000|  0%| F|  |TAMS 0x0000000084200000, 0x0000000084200000| Untracked 
|  47|0x0000000084300000, 0x0000000084300000, 0x0000000084400000|  0%| F|  |TAMS 0x0000000084300000, 0x0000000084300000| Untracked 
|  48|0x0000000084400000, 0x0000000084400000, 0x0000000084500000|  0%| F|  |TAMS 0x0000000084400000, 0x0000000084400000| Untracked 
|  49|0x0000000084500000, 0x0000000084500000, 0x0000000084600000|  0%| F|  |TAMS 0x0000000084500000, 0x0000000084500000| Untracked 
|  50|0x0000000084600000, 0x0000000084600000, 0x0000000084700000|  0%| F|  |TAMS 0x0000000084600000, 0x0000000084600000| Untracked 
|  51|0x0000000084700000, 0x0000000084700000, 0x0000000084800000|  0%| F|  |TAMS 0x0000000084700000, 0x0000000084700000| Untracked 
|  52|0x0000000084800000, 0x0000000084800000, 0x0000000084900000|  0%| F|  |TAMS 0x0000000084800000, 0x0000000084800000| Untracked 
|  53|0x0000000084900000, 0x0000000084900000, 0x0000000084a00000|  0%| F|  |TAMS 0x0000000084900000, 0x0000000084900000| Untracked 
|  54|0x0000000084a00000, 0x0000000084a00000, 0x0000000084b00000|  0%| F|  |TAMS 0x0000000084a00000, 0x0000000084a00000| Untracked 
|  55|0x0000000084b00000, 0x0000000084b00000, 0x0000000084c00000|  0%| F|  |TAMS 0x0000000084b00000, 0x0000000084b00000| Untracked 
|  56|0x0000000084c00000, 0x0000000084c00000, 0x0000000084d00000|  0%| F|  |TAMS 0x0000000084c00000, 0x0000000084c00000| Untracked 
|  57|0x0000000084d00000, 0x0000000084d00000, 0x0000000084e00000|  0%| F|  |TAMS 0x0000000084d00000, 0x0000000084d00000| Untracked 
|  58|0x0000000084e00000, 0x0000000084e00000, 0x0000000084f00000|  0%| F|  |TAMS 0x0000000084e00000, 0x0000000084e00000| Untracked 
|  59|0x0000000084f00000, 0x0000000084f00000, 0x0000000085000000|  0%| F|  |TAMS 0x0000000084f00000, 0x0000000084f00000| Untracked 
|  60|0x0000000085000000, 0x0000000085000000, 0x0000000085100000|  0%| F|  |TAMS 0x0000000085000000, 0x0000000085000000| Untracked 
|  61|0x0000000085100000, 0x0000000085100000, 0x0000000085200000|  0%| F|  |TAMS 0x0000000085100000, 0x0000000085100000| Untracked 
|  62|0x0000000085200000, 0x0000000085200000, 0x0000000085300000|  0%| F|  |TAMS 0x0000000085200000, 0x0000000085200000| Untracked 
|  63|0x0000000085300000, 0x0000000085300000, 0x0000000085400000|  0%| F|  |TAMS 0x0000000085300000, 0x0000000085300000| Untracked 
|  64|0x0000000085400000, 0x0000000085400000, 0x0000000085500000|  0%| F|  |TAMS 0x0000000085400000, 0x0000000085400000| Untracked 
|  65|0x0000000085500000, 0x0000000085500000, 0x0000000085600000|  0%| F|  |TAMS 0x0000000085500000, 0x0000000085500000| Untracked 
|  66|0x0000000085600000, 0x0000000085600000, 0x0000000085700000|  0%| F|  |TAMS 0x0000000085600000, 0x0000000085600000| Untracked 
|  67|0x0000000085700000, 0x0000000085700000, 0x0000000085800000|  0%| F|  |TAMS 0x0000000085700000, 0x0000000085700000| Untracked 
|  68|0x0000000085800000, 0x0000000085800000, 0x0000000085900000|  0%| F|  |TAMS 0x0000000085800000, 0x0000000085800000| Untracked 
|  69|0x0000000085900000, 0x0000000085900000, 0x0000000085a00000|  0%| F|  |TAMS 0x0000000085900000, 0x0000000085900000| Untracked 
|  70|0x0000000085a00000, 0x0000000085a00000, 0x0000000085b00000|  0%| F|  |TAMS 0x0000000085a00000, 0x0000000085a00000| Untracked 
|  71|0x0000000085b00000, 0x0000000085b00000, 0x0000000085c00000|  0%| F|  |TAMS 0x0000000085b00000, 0x0000000085b00000| Untracked 
|  72|0x0000000085c00000, 0x0000000085c00000, 0x0000000085d00000|  0%| F|  |TAMS 0x0000000085c00000, 0x0000000085c00000| Untracked 
|  73|0x0000000085d00000, 0x0000000085d00000, 0x0000000085e00000|  0%| F|  |TAMS 0x0000000085d00000, 0x0000000085d00000| Untracked 
|  74|0x0000000085e00000, 0x0000000085e00000, 0x0000000085f00000|  0%| F|  |TAMS 0x0000000085e00000, 0x0000000085e00000| Untracked 
|  75|0x0000000085f00000, 0x0000000085f00000, 0x0000000086000000|  0%| F|  |TAMS 0x0000000085f00000, 0x0000000085f00000| Untracked 
|  76|0x0000000086000000, 0x0000000086000000, 0x0000000086100000|  0%| F|  |TAMS 0x0000000086000000, 0x0000000086000000| Untracked 
|  77|0x0000000086100000, 0x0000000086100000, 0x0000000086200000|  0%| F|  |TAMS 0x0000000086100000, 0x0000000086100000| Untracked 
|  78|0x0000000086200000, 0x0000000086200000, 0x0000000086300000|  0%| F|  |TAMS 0x0000000086200000, 0x0000000086200000| Untracked 
|  79|0x0000000086300000, 0x0000000086300000, 0x0000000086400000|  0%| F|  |TAMS 0x0000000086300000, 0x0000000086300000| Untracked 
|  80|0x0000000086400000, 0x0000000086400000, 0x0000000086500000|  0%| F|  |TAMS 0x0000000086400000, 0x0000000086400000| Untracked 
|  81|0x0000000086500000, 0x0000000086500000, 0x0000000086600000|  0%| F|  |TAMS 0x0000000086500000, 0x0000000086500000| Untracked 
|  82|0x0000000086600000, 0x0000000086600000, 0x0000000086700000|  0%| F|  |TAMS 0x0000000086600000, 0x0000000086600000| Untracked 
|  83|0x0000000086700000, 0x0000000086700000, 0x0000000086800000|  0%| F|  |TAMS 0x0000000086700000, 0x0000000086700000| Untracked 
|  84|0x0000000086800000, 0x0000000086800000, 0x0000000086900000|  0%| F|  |TAMS 0x0000000086800000, 0x0000000086800000| Untracked 
|  85|0x0000000086900000, 0x0000000086900000, 0x0000000086a00000|  0%| F|  |TAMS 0x0000000086900000, 0x0000000086900000| Untracked 
|  86|0x0000000086a00000, 0x0000000086a00000, 0x0000000086b00000|  0%| F|  |TAMS 0x0000000086a00000, 0x0000000086a00000| Untracked 
|  87|0x0000000086b00000, 0x0000000086b00000, 0x0000000086c00000|  0%| F|  |TAMS 0x0000000086b00000, 0x0000000086b00000| Untracked 
|  88|0x0000000086c00000, 0x0000000086c00000, 0x0000000086d00000|  0%| F|  |TAMS 0x0000000086c00000, 0x0000000086c00000| Untracked 
|  89|0x0000000086d00000, 0x0000000086d00000, 0x0000000086e00000|  0%| F|  |TAMS 0x0000000086d00000, 0x0000000086d00000| Untracked 
|  90|0x0000000086e00000, 0x0000000086e00000, 0x0000000086f00000|  0%| F|  |TAMS 0x0000000086e00000, 0x0000000086e00000| Untracked 
|  91|0x0000000086f00000, 0x0000000086f00000, 0x0000000087000000|  0%| F|  |TAMS 0x0000000086f00000, 0x0000000086f00000| Untracked 
|  92|0x0000000087000000, 0x0000000087000000, 0x0000000087100000|  0%| F|  |TAMS 0x0000000087000000, 0x0000000087000000| Untracked 
|  93|0x0000000087100000, 0x0000000087100000, 0x0000000087200000|  0%| F|  |TAMS 0x0000000087100000, 0x0000000087100000| Untracked 
|  94|0x0000000087200000, 0x0000000087200000, 0x0000000087300000|  0%| F|  |TAMS 0x0000000087200000, 0x0000000087200000| Untracked 
|  95|0x0000000087300000, 0x0000000087300000, 0x0000000087400000|  0%| F|  |TAMS 0x0000000087300000, 0x0000000087300000| Untracked 
|  96|0x0000000087400000, 0x0000000087400000, 0x0000000087500000|  0%| F|  |TAMS 0x0000000087400000, 0x0000000087400000| Untracked 
|  97|0x0000000087500000, 0x0000000087500000, 0x0000000087600000|  0%| F|  |TAMS 0x0000000087500000, 0x0000000087500000| Untracked 
|  98|0x0000000087600000, 0x0000000087600000, 0x0000000087700000|  0%| F|  |TAMS 0x0000000087600000, 0x0000000087600000| Untracked 
|  99|0x0000000087700000, 0x0000000087700000, 0x0000000087800000|  0%| F|  |TAMS 0x0000000087700000, 0x0000000087700000| Untracked 
| 100|0x0000000087800000, 0x0000000087800000, 0x0000000087900000|  0%| F|  |TAMS 0x0000000087800000, 0x0000000087800000| Untracked 
| 101|0x0000000087900000, 0x0000000087900000, 0x0000000087a00000|  0%| F|  |TAMS 0x0000000087900000, 0x0000000087900000| Untracked 
| 102|0x0000000087a00000, 0x0000000087a00000, 0x0000000087b00000|  0%| F|  |TAMS 0x0000000087a00000, 0x0000000087a00000| Untracked 
| 103|0x0000000087b00000, 0x0000000087b80800, 0x0000000087c00000| 50%| E|  |TAMS 0x0000000087b00000, 0x0000000087b00000| Complete 
| 104|0x0000000087c00000, 0x0000000087d00000, 0x0000000087d00000|100%| E|CS|TAMS 0x0000000087c00000, 0x0000000087c00000| Complete 
| 105|0x0000000087d00000, 0x0000000087e00000, 0x0000000087e00000|100%| E|CS|TAMS 0x0000000087d00000, 0x0000000087d00000| Complete 
| 106|0x0000000087e00000, 0x0000000087f00000, 0x0000000087f00000|100%| E|CS|TAMS 0x0000000087e00000, 0x0000000087e00000| Complete 
| 107|0x0000000087f00000, 0x0000000088000000, 0x0000000088000000|100%| E|CS|TAMS 0x0000000087f00000, 0x0000000087f00000| Complete 
| 108|0x0000000088000000, 0x0000000088100000, 0x0000000088100000|100%| E|CS|TAMS 0x0000000088000000, 0x0000000088000000| Complete 
| 109|0x0000000088100000, 0x0000000088200000, 0x0000000088200000|100%| E|CS|TAMS 0x0000000088100000, 0x0000000088100000| Complete 
| 110|0x0000000088200000, 0x0000000088300000, 0x0000000088300000|100%| E|CS|TAMS 0x0000000088200000, 0x0000000088200000| Complete 
| 111|0x0000000088300000, 0x0000000088400000, 0x0000000088400000|100%| E|CS|TAMS 0x0000000088300000, 0x0000000088300000| Complete 
| 112|0x0000000088400000, 0x0000000088500000, 0x0000000088500000|100%| E|CS|TAMS 0x0000000088400000, 0x0000000088400000| Complete 
| 113|0x0000000088500000, 0x0000000088600000, 0x0000000088600000|100%| E|CS|TAMS 0x0000000088500000, 0x0000000088500000| Complete 
| 114|0x0000000088600000, 0x0000000088700000, 0x0000000088700000|100%| E|CS|TAMS 0x0000000088600000, 0x0000000088600000| Complete 
| 115|0x0000000088700000, 0x0000000088800000, 0x0000000088800000|100%| E|CS|TAMS 0x0000000088700000, 0x0000000088700000| Complete 
| 116|0x0000000088800000, 0x0000000088900000, 0x0000000088900000|100%| E|CS|TAMS 0x0000000088800000, 0x0000000088800000| Complete 
| 117|0x0000000088900000, 0x00000000889de610, 0x0000000088a00000| 86%| S|CS|TAMS 0x0000000088900000, 0x0000000088900000| Complete 
| 118|0x0000000088a00000, 0x0000000088b00000, 0x0000000088b00000|100%| E|CS|TAMS 0x0000000088a00000, 0x0000000088a00000| Complete 
| 119|0x0000000088b00000, 0x0000000088c00000, 0x0000000088c00000|100%| E|CS|TAMS 0x0000000088b00000, 0x0000000088b00000| Complete 
| 120|0x0000000088c00000, 0x0000000088d00000, 0x0000000088d00000|100%| E|CS|TAMS 0x0000000088c00000, 0x0000000088c00000| Complete 
| 121|0x0000000088d00000, 0x0000000088e00000, 0x0000000088e00000|100%| E|CS|TAMS 0x0000000088d00000, 0x0000000088d00000| Complete 
| 122|0x0000000088e00000, 0x0000000088f00000, 0x0000000088f00000|100%| E|CS|TAMS 0x0000000088e00000, 0x0000000088e00000| Complete 
| 123|0x0000000088f00000, 0x0000000089000000, 0x0000000089000000|100%| E|CS|TAMS 0x0000000088f00000, 0x0000000088f00000| Complete 
| 124|0x0000000089000000, 0x0000000089100000, 0x0000000089100000|100%| E|CS|TAMS 0x0000000089000000, 0x0000000089000000| Complete 
| 125|0x0000000089100000, 0x0000000089200000, 0x0000000089200000|100%| E|CS|TAMS 0x0000000089100000, 0x0000000089100000| Complete 
| 126|0x0000000089200000, 0x0000000089300000, 0x0000000089300000|100%| E|CS|TAMS 0x0000000089200000, 0x0000000089200000| Complete 
| 127|0x0000000089300000, 0x0000000089400000, 0x0000000089400000|100%| E|CS|TAMS 0x0000000089300000, 0x0000000089300000| Complete 

Card table byte_map: [0x00000208a10e0000,0x00000208a14e0000] _byte_map_base: 0x00000208a0cd6000

Marking Bits (Prev, Next): (CMBitMap*) 0x0000020887a73b08, (CMBitMap*) 0x0000020887a73b40
 Prev Bits: [0x00000208a18e0000, 0x00000208a3890000)
 Next Bits: [0x00000208a3890000, 0x00000208a5840000)

Polling page: 0x00000208892c0000

Metaspace:

Usage:
  Non-class:     14.12 MB capacity,    13.90 MB ( 98%) used,   194.95 KB (  1%) free+waste,    26.88 KB ( <1%) overhead. 
      Class:      1.69 MB capacity,     1.57 MB ( 93%) used,   111.91 KB (  6%) free+waste,    12.19 KB ( <1%) overhead. 
       Both:     15.81 MB capacity,    15.47 MB ( 98%) used,   306.86 KB (  2%) free+waste,    39.06 KB ( <1%) overhead. 

Virtual space:
  Non-class space:       16.00 MB reserved,      14.25 MB ( 89%) committed 
      Class space:        1.00 GB reserved,       1.75 MB ( <1%) committed 
             Both:        1.02 GB reserved,      16.00 MB (  2%) committed 

Chunk freelists:
   Non-Class:  768 bytes
       Class:  3.25 KB
        Both:  4.00 KB

CodeHeap 'non-profiled nmethods': size=120064Kb used=560Kb max_used=560Kb free=119503Kb
 bounds [0x0000020899170000, 0x00000208993e0000, 0x00000208a06b0000]
CodeHeap 'profiled nmethods': size=120000Kb used=2483Kb max_used=2483Kb free=117516Kb
 bounds [0x0000020891c40000, 0x0000020891eb0000, 0x0000020899170000]
CodeHeap 'non-nmethods': size=5696Kb used=1088Kb max_used=1130Kb free=4607Kb
 bounds [0x00000208916b0000, 0x0000020891920000, 0x0000020891c40000]
 total_blobs=1704 nmethods=1306 adapters=310
 compilation: enabled
              stopped_count=0, restarted_count=0
 full_count=0

Compilation events (10 events):
Event: 10.356 Thread 0x00000208a7ec1800 nmethod 1288 0x00000208991fbc10 code [0x00000208991fbda0, 0x00000208991fbe98]
Event: 10.365 Thread 0x00000208a7ec1800 1289       3       java.util.concurrent.CopyOnWriteArrayList::get (9 bytes)
Event: 10.365 Thread 0x00000208a7ec1800 nmethod 1289 0x0000020891ea2810 code [0x0000020891ea29c0, 0x0000020891ea2b58]
Event: 10.365 Thread 0x00000208a7ec1800 1290       3       java.util.concurrent.CopyOnWriteArrayList::elementAt (4 bytes)
Event: 10.366 Thread 0x00000208a7ec1800 nmethod 1290 0x0000020891ea2c90 code [0x0000020891ea2e20, 0x0000020891ea2f38]
Event: 10.366 Thread 0x00000208a7ec1800 1291       3       java.util.jar.Attributes$Name::hash (148 bytes)
Event: 10.367 Thread 0x00000208a7ec1800 nmethod 1291 0x0000020891ea3010 code [0x0000020891ea32a0, 0x0000020891ea3f88]
Event: 10.367 Thread 0x00000208a7ec1800 1292       3       java.util.jar.JavaUtilJarAccessImpl::getTrustedAttributes (6 bytes)
Event: 10.367 Thread 0x00000208a7ec1800 nmethod 1292 0x0000020891ea4490 code [0x0000020891ea4640, 0x0000020891ea4788]
Event: 10.378 Thread 0x00000208a7ebb800 1293       4       jdk.internal.loader.URLClassPath::getResource (74 bytes)

GC Heap History (4 events):
Event: 2.850 GC heap before
{Heap before GC invocations=0 (full 0):
 garbage-first heap   total 131072K, used 14336K [0x0000000081400000, 0x0000000100000000)
  region size 1024K, 14 young (14336K), 0 survivors (0K)
 Metaspace       used 8821K, capacity 8939K, committed 9088K, reserved 1056768K
  class space    used 814K, capacity 848K, committed 896K, reserved 1048576K
}
Event: 2.876 GC heap after
{Heap after GC invocations=1 (full 0):
 garbage-first heap   total 131072K, used 6816K [0x0000000081400000, 0x0000000100000000)
  region size 1024K, 2 young (2048K), 2 survivors (2048K)
 Metaspace       used 8821K, capacity 8939K, committed 9088K, reserved 1056768K
  class space    used 814K, capacity 848K, committed 896K, reserved 1048576K
}
Event: 3.611 GC heap before
{Heap before GC invocations=1 (full 0):
 garbage-first heap   total 131072K, used 17056K [0x0000000081400000, 0x0000000100000000)
  region size 1024K, 12 young (12288K), 2 survivors (2048K)
 Metaspace       used 11387K, capacity 11588K, committed 11648K, reserved 1060864K
  class space    used 1084K, capacity 1136K, committed 1152K, reserved 1048576K
}
Event: 3.615 GC heap after
{Heap after GC invocations=2 (full 0):
 garbage-first heap   total 131072K, used 7779K [0x0000000081400000, 0x0000000100000000)
  region size 1024K, 1 young (1024K), 1 survivors (1024K)
 Metaspace       used 11387K, capacity 11588K, committed 11648K, reserved 1060864K
  class space    used 1084K, capacity 1136K, committed 1152K, reserved 1048576K
}

Deoptimization events (10 events):
Event: 3.839 Thread 0x0000020887a36800 Uncommon trap: reason=bimorphic_or_optimized_type_check action=maybe_recompile pc=0x00000208991b195c method=java.util.HashMap.getNode(ILjava/lang/Object;)Ljava/util/HashMap$Node; @ 59 c2
Event: 3.840 Thread 0x0000020887a36800 Uncommon trap: reason=bimorphic_or_optimized_type_check action=maybe_recompile pc=0x00000208991b195c method=java.util.HashMap.getNode(ILjava/lang/Object;)Ljava/util/HashMap$Node; @ 59 c2
Event: 3.841 Thread 0x0000020887a36800 Uncommon trap: reason=bimorphic_or_optimized_type_check action=maybe_recompile pc=0x00000208991b195c method=java.util.HashMap.getNode(ILjava/lang/Object;)Ljava/util/HashMap$Node; @ 59 c2
Event: 3.843 Thread 0x0000020887a36800 Uncommon trap: reason=bimorphic_or_optimized_type_check action=maybe_recompile pc=0x0000020899195a94 method=java.util.HashMap.getNode(ILjava/lang/Object;)Ljava/util/HashMap$Node; @ 59 c2
Event: 4.140 Thread 0x0000020887a36800 Uncommon trap: reason=unstable_if action=reinterpret pc=0x0000020899194144 method=java.util.zip.ZipFile$Source.getEntryPos([BZ)I @ 156 c2
Event: 4.140 Thread 0x0000020887a36800 Uncommon trap: reason=unstable_if action=reinterpret pc=0x00000208991abc14 method=java.io.WinNTFileSystem.normalize(Ljava/lang/String;)Ljava/lang/String; @ 128 c2
Event: 4.393 Thread 0x0000020887a36800 Uncommon trap: reason=class_check action=maybe_recompile pc=0x00000208991ba078 method=java.util.HashMap.putVal(ILjava/lang/Object;Ljava/lang/Object;ZZ)Ljava/lang/Object; @ 203 c2
Event: 4.399 Thread 0x0000020887a36800 Uncommon trap: reason=unstable_if action=reinterpret pc=0x00000208991ba094 method=java.util.HashMap.hash(Ljava/lang/Object;)I @ 1 c2
Event: 4.710 Thread 0x0000020887a36800 Uncommon trap: reason=unstable_if action=reinterpret pc=0x00000208991bd8b0 method=sun.reflect.generics.parser.SignatureParser.current()C @ 39 c2
Event: 5.630 Thread 0x0000020887a36800 Uncommon trap: reason=unstable_if action=reinterpret pc=0x00000208991a5ae8 method=java.util.jar.Manifest$FastInputStream.readLine([BII)I @ 90 c2

Classes redefined (0 events):
No events

Internal exceptions (10 events):
Event: 3.530 Thread 0x0000020887a36800 Exception <a 'java/lang/NoSuchMethodError'{0x0000000088bdfa98}: java.lang.invoke.DirectMethodHandle$Holder.invokeStaticInit(Ljava/lang/Object;Ljava/lang/Object;Ljava/lang/Object;)I> (0x0000000088bdfa98) thrown at [./open/src/hotspot/share/interpreter/link
Event: 3.593 Thread 0x0000020887a36800 Exception <a 'java/lang/NoSuchMethodError'{0x0000000088a899e0}: java.lang.invoke.DirectMethodHandle$Holder.invokeVirtual(Ljava/lang/Object;Ljava/lang/Object;Ljava/lang/Object;)Ljava/lang/Object;> (0x0000000088a899e0) thrown at [./open/src/hotspot/share/in
Event: 3.599 Thread 0x0000020887a36800 Exception <a 'java/lang/NoSuchMethodError'{0x0000000088ac94c8}: java.lang.invoke.DirectMethodHandle$Holder.invokeSpecial(Ljava/lang/Object;Ljava/lang/Object;)V> (0x0000000088ac94c8) thrown at [./open/src/hotspot/share/interpreter/linkResolver.cpp, line 77
Event: 3.663 Thread 0x0000020887a36800 Exception <a 'java/lang/NoSuchMethodError'{0x000000008937e838}: java.lang.invoke.DirectMethodHandle$Holder.invokeInterface(Ljava/lang/Object;Ljava/lang/Object;)I> (0x000000008937e838) thrown at [./open/src/hotspot/share/interpreter/linkResolver.cpp, line 
Event: 3.909 Thread 0x0000020887a36800 Exception <a 'java/lang/NoSuchMethodError'{0x0000000089078620}: java.lang.invoke.DirectMethodHandle$Holder.invokeSpecialIFC(Ljava/lang/Object;Ljava/lang/Object;Ljava/lang/Object;Ljava/lang/Object;)Ljava/lang/Object;> (0x0000000089078620) thrown at [./open
Event: 4.028 Thread 0x0000020887a36800 Exception <a 'java/lang/NoSuchMethodError'{0x0000000088ecf850}: java.lang.invoke.DirectMethodHandle$Holder.invokeStatic(Ljava/lang/Object;Ljava/lang/Object;Ljava/lang/Object;Ljava/lang/Object;Ljava/lang/Object;)V> (0x0000000088ecf850) thrown at [./open/sr
Event: 4.043 Thread 0x0000020887a36800 Exception <a 'java/lang/NoSuchMethodError'{0x0000000088d37978}: java.lang.invoke.DirectMethodHandle$Holder.invokeStatic(Ljava/lang/Object;Ljava/lang/Object;Ljava/lang/Object;Ljava/lang/Object;)V> (0x0000000088d37978) thrown at [./open/src/hotspot/share/in
Event: 4.399 Thread 0x0000020887a36800 Implicit null exception at 0x00000208991b925e to 0x00000208991ba078
Event: 4.631 Thread 0x0000020887a36800 Exception <a 'java/lang/NoSuchMethodError'{0x000000008865d0f8}: java.lang.invoke.DirectMethodHandle$Holder.invokeVirtual(Ljava/lang/Object;Ljava/lang/Object;Ljava/lang/Object;Ljava/lang/Object;)V> (0x000000008865d0f8) thrown at [./open/src/hotspot/share/i
Event: 5.614 Thread 0x0000020887a36800 Exception <a 'java/lang/NoSuchMethodError'{0x0000000087f86b28}: java.lang.invoke.Invokers$Holder.linkToTargetMethod(Ljava/lang/Object;Ljava/lang/Object;Ljava/lang/Object;Ljava/lang/Object;Ljava/lang/Object;Ljava/lang/Object;)Ljava/lang/Object;> (0x0000000

Events (10 events):
Event: 10.381 loading class org/springframework/core/Constants$ConstantException
Event: 10.381 loading class org/springframework/core/Constants$ConstantException done
Event: 10.382 loading class jdk/internal/reflect/UnsafeFieldAccessorFactory
Event: 10.382 loading class jdk/internal/reflect/UnsafeFieldAccessorFactory done
Event: 10.382 loading class jdk/internal/reflect/UnsafeQualifiedStaticIntegerFieldAccessorImpl
Event: 10.382 loading class jdk/internal/reflect/UnsafeQualifiedStaticFieldAccessorImpl
Event: 10.382 loading class jdk/internal/reflect/UnsafeQualifiedStaticFieldAccessorImpl done
Event: 10.382 loading class jdk/internal/reflect/UnsafeQualifiedStaticIntegerFieldAccessorImpl done
Event: 10.383 loading class javax/transaction/Transactional
Event: 10.383 loading class javax/transaction/Transactional done


Dynamic libraries:
0x00007ff64ad00000 - 0x00007ff64ad0f000 	C:\Program Files\Java\jdk-11.0.11\bin\java.exe
0x00007ffbe9d70000 - 0x00007ffbe9f65000 	C:\WINDOWS\SYSTEM32\ntdll.dll
0x00007ffbe8380000 - 0x00007ffbe843d000 	C:\WINDOWS\System32\KERNEL32.DLL
0x00007ffbe76e0000 - 0x00007ffbe79a8000 	C:\WINDOWS\System32\KERNELBASE.dll
0x00007ffbe7af0000 - 0x00007ffbe7bf0000 	C:\WINDOWS\System32\ucrtbase.dll
0x00007ffbc73f0000 - 0x00007ffbc7408000 	C:\Program Files\Java\jdk-11.0.11\bin\jli.dll
0x00007ffbe9c50000 - 0x00007ffbe9cfc000 	C:\WINDOWS\System32\ADVAPI32.dll
0x00007ffbe9200000 - 0x00007ffbe929e000 	C:\WINDOWS\System32\msvcrt.dll
0x00007ffbe8940000 - 0x00007ffbe89db000 	C:\WINDOWS\System32\sechost.dll
0x00007ffbe92a0000 - 0x00007ffbe93cb000 	C:\WINDOWS\System32\RPCRT4.dll
0x00007ffbe81c0000 - 0x00007ffbe8360000 	C:\WINDOWS\System32\USER32.dll
0x00007ffbe7ac0000 - 0x00007ffbe7ae2000 	C:\WINDOWS\System32\win32u.dll
0x00007ffbe7fe0000 - 0x00007ffbe800a000 	C:\WINDOWS\System32\GDI32.dll
0x00007ffbe79b0000 - 0x00007ffbe7abb000 	C:\WINDOWS\System32\gdi32full.dll
0x00007ffbe74e0000 - 0x00007ffbe757d000 	C:\WINDOWS\System32\msvcp_win.dll
0x00007ffbcf9c0000 - 0x00007ffbcf9d5000 	C:\Program Files\Java\jdk-11.0.11\bin\VCRUNTIME140.dll
0x00007ffbdd930000 - 0x00007ffbddbca000 	C:\WINDOWS\WinSxS\amd64_microsoft.windows.common-controls_6595b64144ccf1df_6.0.19041.844_none_ca00b6081b84eb1d\COMCTL32.dll
0x00007ffbe1190000 - 0x00007ffbe119a000 	C:\WINDOWS\SYSTEM32\VERSION.dll
0x00007ffbe9d00000 - 0x00007ffbe9d30000 	C:\WINDOWS\System32\IMM32.DLL
0x00007ffba1b90000 - 0x00007ffba1c2b000 	C:\Program Files\Java\jdk-11.0.11\bin\msvcp140.dll
0x00007ffb824c0000 - 0x00007ffb82fbe000 	C:\Program Files\Java\jdk-11.0.11\bin\server\jvm.dll
0x00007ffbe8910000 - 0x00007ffbe8918000 	C:\WINDOWS\System32\PSAPI.DLL
0x00007ffbbe550000 - 0x00007ffbbe559000 	C:\WINDOWS\SYSTEM32\WSOCK32.dll
0x00007ffbe89e0000 - 0x00007ffbe8a4b000 	C:\WINDOWS\System32\WS2_32.dll
0x00007ffbdc270000 - 0x00007ffbdc297000 	C:\WINDOWS\SYSTEM32\WINMM.dll
0x00007ffbe5400000 - 0x00007ffbe5412000 	C:\WINDOWS\SYSTEM32\kernel.appcore.dll
0x00007ffbdadd0000 - 0x00007ffbdade0000 	C:\Program Files\Java\jdk-11.0.11\bin\verify.dll
0x00007ffbdc010000 - 0x00007ffbdc1f4000 	C:\WINDOWS\SYSTEM32\DBGHELP.DLL
0x00007ffbdbcb0000 - 0x00007ffbdbcdc000 	C:\WINDOWS\SYSTEM32\dbgcore.DLL
0x00007ffbe7ca0000 - 0x00007ffbe7d20000 	C:\WINDOWS\System32\bcryptPrimitives.dll
0x00007ffbc6e00000 - 0x00007ffbc6e28000 	C:\Program Files\Java\jdk-11.0.11\bin\java.dll
0x00007ffbd81b0000 - 0x00007ffbd81ba000 	C:\Program Files\Java\jdk-11.0.11\bin\jimage.dll
0x00007ffbdbb60000 - 0x00007ffbdbb6e000 	C:\Program Files\Java\jdk-11.0.11\bin\instrument.dll
0x00007ffbbe8a0000 - 0x00007ffbbe8b6000 	C:\Program Files\Java\jdk-11.0.11\bin\zip.dll
0x00007ffbe94a0000 - 0x00007ffbe9be2000 	C:\WINDOWS\System32\SHELL32.dll
0x00007ffbe55c0000 - 0x00007ffbe5d51000 	C:\WINDOWS\SYSTEM32\windows.storage.dll
0x00007ffbe8cf0000 - 0x00007ffbe9045000 	C:\WINDOWS\System32\combase.dll
0x00007ffbe6e50000 - 0x00007ffbe6e7c000 	C:\WINDOWS\SYSTEM32\Wldp.dll
0x00007ffbe7dd0000 - 0x00007ffbe7e7e000 	C:\WINDOWS\System32\SHCORE.dll
0x00007ffbe88b0000 - 0x00007ffbe8905000 	C:\WINDOWS\System32\shlwapi.dll
0x00007ffbe73f0000 - 0x00007ffbe740f000 	C:\WINDOWS\SYSTEM32\profapi.dll
0x00007ffbbe880000 - 0x00007ffbbe899000 	C:\Program Files\Java\jdk-11.0.11\bin\net.dll
0x00007ffbe04e0000 - 0x00007ffbe05eb000 	C:\WINDOWS\SYSTEM32\WINHTTP.dll
0x00007ffbe6bc0000 - 0x00007ffbe6c2a000 	C:\WINDOWS\system32\mswsock.dll
0x00007ffbb5dd0000 - 0x00007ffbb5de2000 	C:\Program Files\Java\jdk-11.0.11\bin\nio.dll
0x00007ffbdba10000 - 0x00007ffbdba2a000 	C:\Users\Tony\AppData\Local\JetBrains\Toolbox\apps\IDEA-C\ch-0\211.7142.45\bin\breakgen64.dll

dbghelp: loaded successfully - version: 4.0.5 - missing functions: none
symbol engine: initialized successfully - sym options: 0x614 - pdb path: .;C:\Program Files\Java\jdk-11.0.11\bin;C:\WINDOWS\SYSTEM32;C:\WINDOWS\WinSxS\amd64_microsoft.windows.common-controls_6595b64144ccf1df_6.0.19041.844_none_ca00b6081b84eb1d;C:\Program Files\Java\jdk-11.0.11\bin\server;C:\Users\Tony\AppData\Local\JetBrains\Toolbox\apps\IDEA-C\ch-0\211.7142.45\bin

VM Arguments:
jvm_args: -Djava.net.preferIPv4Stack=true -ea -Didea.test.cyclic.buffer.size=1048576 -javaagent:C:\Users\Tony\AppData\Local\JetBrains\Toolbox\apps\IDEA-C\ch-0\211.7142.45\lib\idea_rt.jar=49294:C:\Users\Tony\AppData\Local\JetBrains\Toolbox\apps\IDEA-C\ch-0\211.7142.45\bin -Dfile.encoding=UTF-8 
java_command: com.intellij.rt.junit.JUnitStarter -ideVersion5 -junit4 com.usedcar.admin.domain.car.CarRepositoryTest,차량_전체_조회하기
java_class_path (initial): C:\Users\Tony\AppData\Local\JetBrains\Toolbox\apps\IDEA-C\ch-0\211.7142.45\lib\idea_rt.jar;C:\Users\Tony\AppData\Local\JetBrains\Toolbox\apps\IDEA-C\ch-0\211.7142.45\plugins\junit\lib\junit5-rt.jar;C:\Users\Tony\AppData\Local\JetBrains\Toolbox\apps\IDEA-C\ch-0\211.7142.45\plugins\junit\lib\junit-rt.jar;C:\workspace_sts\used-car-admin\target\test-classes;C:\workspace_sts\used-car-admin\target\classes;C:\Users\Tony\.m2\repository\org\springframework\boot\spring-boot-starter-data-jpa\2.4.5\spring-boot-starter-data-jpa-2.4.5.jar;C:\Users\Tony\.m2\repository\org\springframework\boot\spring-boot-starter-aop\2.4.5\spring-boot-starter-aop-2.4.5.jar;C:\Users\Tony\.m2\repository\org\springframework\spring-aop\5.3.6\spring-aop-5.3.6.jar;C:\Users\Tony\.m2\repository\org\aspectj\aspectjweaver\1.9.6\aspectjweaver-1.9.6.jar;C:\Users\Tony\.m2\repository\org\springframework\boot\spring-boot-starter-jdbc\2.4.5\spring-boot-starter-jdbc-2.4.5.jar;C:\Users\Tony\.m2\repository\com\zaxxer\HikariCP\3.4.5\HikariCP-3.4.5.jar;C:\Users\Tony\.m2\repository\org\springframework\spring-jdbc\5.3.6\spring-jdbc-5.3.6.jar;C:\Users\Tony\.m2\repository\jakarta\transaction\jakarta.transaction-api\1.3.3\jakarta.transaction-api-1.3.3.jar;C:\Users\Tony\.m2\repository\jakarta\persistence\jakarta.persistence-api\2.2.3\jakarta.persistence-api-2.2.3.jar;C:\Users\Tony\.m2\repository\org\hibernate\hibernate-core\5.4.30.Final\hibernate-core-5.4.30.Final.jar;C:\Users\Tony\.m2\repository\org\jboss\logging\jboss-logging\3.4.1.Final\jboss-logging-3.4.1.Final.jar;C:\Users\Tony\.m2\repository\org\javassist\javassist\3.27.0-GA\javassist-3.27.0-GA.jar;C:\Users\Tony\.m2\repository\net\bytebuddy\byte-buddy\1.10.22\byte-buddy-1.10.22.jar;C:\Users\Tony\.m2\repository\antlr\antlr\2.7.7\antlr-2.7.7.jar;C:\Users\Tony\.m2\repository\org\jboss\jandex\2.2.3.Final\jandex-2.2.3.Final.jar;C:\Users\Tony\.m2\repository\com\fasterxml\classmate\1.5.1\classmate-1.5.1.jar;C:\Users\Tony\.m2\repository\org\dom4j\d
Launcher Type: SUN_STANDARD

[Global flags]
     intx CICompilerCount                          = 3                                         {product} {ergonomic}
     uint ConcGCThreads                            = 1                                         {product} {ergonomic}
     uint G1ConcRefinementThreads                  = 4                                         {product} {ergonomic}
   size_t G1HeapRegionSize                         = 1048576                                   {product} {ergonomic}
    uintx GCDrainStackTargetSize                   = 64                                        {product} {ergonomic}
   size_t InitialHeapSize                          = 134217728                                 {product} {ergonomic}
   size_t MarkStackSize                            = 4194304                                   {product} {ergonomic}
   size_t MaxHeapSize                              = 2126512128                                {product} {ergonomic}
   size_t MaxNewSize                               = 1275068416                                {product} {ergonomic}
   size_t MinHeapDeltaBytes                        = 1048576                                   {product} {ergonomic}
    uintx NonNMethodCodeHeapSize                   = 5830732                                {pd product} {ergonomic}
    uintx NonProfiledCodeHeapSize                  = 122913754                              {pd product} {ergonomic}
    uintx ProfiledCodeHeapSize                     = 122913754                              {pd product} {ergonomic}
    uintx ReservedCodeCacheSize                    = 251658240                              {pd product} {ergonomic}
     bool SegmentedCodeCache                       = true                                      {product} {ergonomic}
     bool UseCompressedClassPointers               = true                                 {lp64_product} {ergonomic}
     bool UseCompressedOops                        = true                                 {lp64_product} {ergonomic}
     bool UseG1GC                                  = true                                      {product} {ergonomic}
     bool UseLargePagesIndividualAllocation        = false                                  {pd product} {ergonomic}

Logging:
Log output configuration:
 #0: stdout all=warning uptime,level,tags
 #1: stderr all=off uptime,level,tags

Environment Variables:
JAVA_TOOL_OPTIONS=-Djava.net.preferIPv4Stack=true
PATH=C:\Program Files\Common Files\Oracle\Java\javapath;C:\ProgramData\Oracle\Java\javapath;C:\WINDOWS\system32;C:\WINDOWS;C:\WINDOWS\System32\Wbem;C:\WINDOWS\System32\WindowsPowerShell\v1.0\;C:\Program Files (x86)\Microsoft SQL Server\Client SDK\ODBC\130\Tools\Binn\;C:\Program Files (x86)\Microsoft SQL Server\140\Tools\Binn\;C:\Program Files (x86)\Microsoft SQL Server\140\DTS\Binn\;C:\Program Files (x86)\Microsoft SQL Server\140\Tools\Binn\ManagementStudio\;C:\Program Files\PuTTY\;C:\Program Files\VisualSVN Server\bin;C:\WINDOWS\System32\OpenSSH\;C:\Program Files\Git\cmd;C:\Program Files (x86)\nodejs\;C:\Gradle\gradle-7.0\bin;C:\Users\Tony\AppData\Local\Microsoft\WindowsApps;C:\Program Files (x86)\IDM Computer Solutions\UltraEdit\;C:\Users\Tony\AppData\Local\GitHubDesktop\bin;C:\Users\Tony\AppData\Local\Microsoft\WindowsApps;C:\Users\Tony\AppData\Local\Programs\Microsoft VS Code\bin;C:\Users\Tony\AppData\Roaming\npm
USERNAME=Tony
OS=Windows_NT
PROCESSOR_IDENTIFIER=Intel64 Family 6 Model 94 Stepping 3, GenuineIntel



---------------  S Y S T E M  ---------------

OS: Windows 10 , 64 bit Build 19041 (10.0.19041.928)

CPU:total 4 (initial active 4) (4 cores per cpu, 1 threads per core) family 6 model 94 stepping 3 microcode 0xcc, cmov, cx8, fxsr, mmx, sse, sse2, sse3, ssse3, sse4.1, sse4.2, popcnt, avx, avx2, aes, clmul, erms, rtm, 3dnowpref, lzcnt, tsc, tscinvbit, bmi1, bmi2, adx, fma

Memory: 4k page, system-wide physical 8104M (500M free)
TotalPageFile size 22303M (AvailPageFile size 1M)
current process WorkingSet (physical memory assigned to process): 85M, peak: 95M
current process commit charge ("private bytes"): 217M, peak: 234M

vm_info: Java HotSpot(TM) 64-Bit Server VM (11.0.11+9-LTS-194) for windows-amd64 JRE (11.0.11+9-LTS-194), built on Mar 18 2021 18:46:53 by "mach5one" with MS VC++ 15.9 (VS2017)

END.
